{"C:\\Users\\muhow\\Documents\\algorithms\\src\\basic-filtering\\index.ts": {"path":"C:\\Users\\muhow\\Documents\\algorithms\\src\\basic-filtering\\index.ts","statementMap":{"0":{"start":{"line":15,"column":2},"end":{"line":15,"column":42}},"1":{"start":{"line":15,"column":29},"end":{"line":15,"column":40}},"2":{"start":{"line":14,"column":0},"end":{"line":14,"column":24}}},"fnMap":{"0":{"name":"filterAdults","decl":{"start":{"line":14,"column":24},"end":{"line":14,"column":36}},"loc":{"start":{"line":14,"column":50},"end":{"line":16,"column":1}}},"1":{"name":"(anonymous_1)","decl":{"start":{"line":15,"column":22},"end":{"line":15,"column":23}},"loc":{"start":{"line":15,"column":29},"end":{"line":15,"column":40}}}},"branchMap":{},"s":{"0":1,"1":11,"2":1},"f":{"0":1,"1":11},"b":{}}
}
